Using pre-set license
Built from '2020.2/release' branch; Version is '2020.2.1f1 (270dd8c3da1c) revision 2559448'; Using compiler version '192528614'; Build Type 'Release'
OS: 'Windows 10  (10.0.0) 64bit' Language: 'en' Physical Memory: 16229 MB
BatchMode: 1, IsHumanControllingUs: 0, StartBugReporterOnCrash: 0, Is64bit: 1, IsPro: 0

 COMMAND LINE ARGUMENTS:
C:\Program Files\Unity\Hub\Editor\2020.2.1f1\Editor\Unity.exe
-adb2
-batchMode
-noUpm
-name
AssetImportWorker0
-projectPath
C:/Users/Jay/Downloads/Prototype 3
-logFile
Logs/AssetImportWorker0.log
-srvPort
50135
Successfully changed project path to: C:/Users/Jay/Downloads/Prototype 3
C:/Users/Jay/Downloads/Prototype 3
Using Asset Import Pipeline V2.
Refreshing native plugins compatible for Editor in 30.37 ms, found 0 plugins.
Preloading 0 native plugins for Editor in 0.00 ms.
Initialize engine version: 2020.2.1f1 (270dd8c3da1c)
[Subsystems] Discovering subsystems at path C:/Program Files/Unity/Hub/Editor/2020.2.1f1/Editor/Data/Resources/UnitySubsystems
[Subsystems] Discovering subsystems at path C:/Users/Jay/Downloads/Prototype 3/Assets
GfxDevice: creating device client; threaded=0
Direct3D:
    Version:  Direct3D 11.0 [level 11.1]
    Renderer: NVIDIA GeForce GTX 1050 Ti (ID=0x1c8c)
    Vendor:   
    VRAM:     4021 MB
    Driver:   26.21.14.3630
Initialize mono
Mono path[0] = 'C:/Program Files/Unity/Hub/Editor/2020.2.1f1/Editor/Data/Managed'
Mono path[1] = 'C:/Program Files/Unity/Hub/Editor/2020.2.1f1/Editor/Data/MonoBleedingEdge/lib/mono/unityjit'
Mono config path = 'C:/Program Files/Unity/Hub/Editor/2020.2.1f1/Editor/Data/MonoBleedingEdge/etc'
Using monoOptions --debugger-agent=transport=dt_socket,embedding=1,server=y,suspend=n,address=127.0.0.1:56328
Begin MonoManager ReloadAssembly
Registering precompiled unity dll's ...
Register platform support module: C:/Program Files/Unity/Hub/Editor/2020.2.1f1/Editor/Data/PlaybackEngines/WindowsStandaloneSupport/UnityEditor.WindowsStandalone.Extensions.dll
Registered in 0.002144 seconds.
Native extension for WindowsStandalone target not found
Refreshing native plugins compatible for Editor in 34.17 ms, found 0 plugins.
Preloading 0 native plugins for Editor in 0.00 ms.
Invoked RoslynAnalysisRunner static constructor.
RoslynAnalysisRunner will not be running.
RoslynAnalysisRunner has terminated.
Mono: successfully reloaded assembly
- Completed reload, in  1.625 seconds
Platform modules already initialized, skipping
Registering precompiled user dll's ...
Registered in 0.000880 seconds.
Begin MonoManager ReloadAssembly
Script error: OnCollisionEnter
This message parameter has to be of type: Collision
The message will be ignored.

Native extension for WindowsStandalone target not found
Refreshing native plugins compatible for Editor in 0.35 ms, found 0 plugins.
Preloading 0 native plugins for Editor in 0.00 ms.
Invoked RoslynAnalysisRunner static constructor.
RoslynAnalysisRunner will not be running.
RoslynAnalysisRunner has terminated.
Mono: successfully reloaded assembly
- Completed reload, in  1.180 seconds
Platform modules already initialized, skipping
========================================================================
Worker process is ready to serve import requests
Launched and connected shader compiler UnityShaderCompiler.exe after 0.04 seconds
Refreshing native plugins compatible for Editor in 0.34 ms, found 0 plugins.
Preloading 0 native plugins for Editor in 0.00 ms.
Unloading 1124 Unused Serialized files (Serialized files now loaded: 0)
System memory in use before: 60.7 MB.
System memory in use after: 60.7 MB.

Unloading 10 unused Assets to reduce memory usage. Loaded Objects now: 1578.
Total: 2.225300 ms (FindLiveObjects: 0.147300 ms CreateObjectMapping: 0.062100 ms MarkObjects: 1.939300 ms  DeleteObjects: 0.075400 ms)

========================================================================
Received Import Request.
  path: Assets/laser.cs
  artifactKey: Guid(eb2fd5123b87d064cac6654e909e96e8) Importer(815301076,1909f56bfc062723c751e8b465ee728b)
Start importing Assets/laser.cs using Guid(eb2fd5123b87d064cac6654e909e96e8) Importer(815301076,1909f56bfc062723c751e8b465ee728b)  -> (artifact id: 'a495d6dc692f295d98bb06c5bc432a8b') in 0.057062 seconds
  Import took 0.059228 seconds .

========================================================================
Received Prepare
Registering precompiled user dll's ...
Registered in 0.001102 seconds.
Begin MonoManager ReloadAssembly
Native extension for WindowsStandalone target not found
Refreshing native plugins compatible for Editor in 0.30 ms, found 0 plugins.
Preloading 0 native plugins for Editor in 0.00 ms.
Invoked RoslynAnalysisRunner static constructor.
RoslynAnalysisRunner will not be running.
RoslynAnalysisRunner has terminated.
Mono: successfully reloaded assembly
- Completed reload, in  1.174 seconds
Platform modules already initialized, skipping
Script error: OnCollisionEnter
This message parameter has to be of type: Collision
The message will be ignored.

Refreshing native plugins compatible for Editor in 0.40 ms, found 0 plugins.
Preloading 0 native plugins for Editor in 0.00 ms.
Unloading 1118 Unused Serialized files (Serialized files now loaded: 0)
System memory in use before: 60.8 MB.
System memory in use after: 60.9 MB.

Unloading 5 unused Assets to reduce memory usage. Loaded Objects now: 1580.
Total: 2.701500 ms (FindLiveObjects: 0.206700 ms CreateObjectMapping: 0.070000 ms MarkObjects: 2.337900 ms  DeleteObjects: 0.084800 ms)

========================================================================
Received Import Request.
  Time since last request: 83.357830 seconds.
  path: Assets/laser.cs
  artifactKey: Guid(eb2fd5123b87d064cac6654e909e96e8) Importer(815301076,1909f56bfc062723c751e8b465ee728b)
Start importing Assets/laser.cs using Guid(eb2fd5123b87d064cac6654e909e96e8) Importer(815301076,1909f56bfc062723c751e8b465ee728b)  -> (artifact id: 'a691fe11bf424479f86d7c09afd57bf3') in 0.006242 seconds
  Import took 0.009415 seconds .

========================================================================
Received Import Request.
  Time since last request: 2.283500 seconds.
  path: Assets/laser.cs
  artifactKey: Guid(eb2fd5123b87d064cac6654e909e96e8) Importer(815301076,1909f56bfc062723c751e8b465ee728b)
Start importing Assets/laser.cs using Guid(eb2fd5123b87d064cac6654e909e96e8) Importer(815301076,1909f56bfc062723c751e8b465ee728b)  -> (artifact id: 'a691fe11bf424479f86d7c09afd57bf3') in 0.003553 seconds
  Import took 0.005839 seconds .

========================================================================
Received Prepare
Registering precompiled user dll's ...
Registered in 0.000819 seconds.
Begin MonoManager ReloadAssembly
Native extension for WindowsStandalone target not found
Refreshing native plugins compatible for Editor in 0.28 ms, found 0 plugins.
Preloading 0 native plugins for Editor in 0.00 ms.
Invoked RoslynAnalysisRunner static constructor.
RoslynAnalysisRunner will not be running.
RoslynAnalysisRunner has terminated.
Mono: successfully reloaded assembly
- Completed reload, in  1.101 seconds
Platform modules already initialized, skipping
Script error: OnCollisionEnter
This message parameter has to be of type: Collision
The message will be ignored.

Refreshing native plugins compatible for Editor in 0.26 ms, found 0 plugins.
Preloading 0 native plugins for Editor in 0.00 ms.
Unloading 1118 Unused Serialized files (Serialized files now loaded: 0)
System memory in use before: 61.8 MB.
System memory in use after: 61.9 MB.

Unloading 5 unused Assets to reduce memory usage. Loaded Objects now: 1582.
Total: 1.813000 ms (FindLiveObjects: 0.149500 ms CreateObjectMapping: 0.042100 ms MarkObjects: 1.562200 ms  DeleteObjects: 0.058300 ms)

========================================================================
Received Prepare
Registering precompiled user dll's ...
Registered in 0.000770 seconds.
Begin MonoManager ReloadAssembly
Native extension for WindowsStandalone target not found
Refreshing native plugins compatible for Editor in 0.23 ms, found 0 plugins.
Preloading 0 native plugins for Editor in 0.00 ms.
Invoked RoslynAnalysisRunner static constructor.
RoslynAnalysisRunner will not be running.
RoslynAnalysisRunner has terminated.
Mono: successfully reloaded assembly
- Completed reload, in  1.131 seconds
Platform modules already initialized, skipping
Refreshing native plugins compatible for Editor in 0.26 ms, found 0 plugins.
Preloading 0 native plugins for Editor in 0.00 ms.
Unloading 1118 Unused Serialized files (Serialized files now loaded: 0)
System memory in use before: 61.6 MB.
System memory in use after: 61.6 MB.

Unloading 5 unused Assets to reduce memory usage. Loaded Objects now: 1584.
Total: 2.550300 ms (FindLiveObjects: 0.200600 ms CreateObjectMapping: 0.069200 ms MarkObjects: 2.212300 ms  DeleteObjects: 0.066600 ms)

========================================================================
Received Import Request.
  Time since last request: 176.748619 seconds.
  path: Assets/laser.cs
  artifactKey: Guid(eb2fd5123b87d064cac6654e909e96e8) Importer(815301076,1909f56bfc062723c751e8b465ee728b)
Start importing Assets/laser.cs using Guid(eb2fd5123b87d064cac6654e909e96e8) Importer(815301076,1909f56bfc062723c751e8b465ee728b)  -> (artifact id: '6ff6cab9003313e9c3f81bffb114ca2c') in 0.009558 seconds
  Import took 0.014077 seconds .

========================================================================
Received Prepare
Registering precompiled user dll's ...
Registered in 0.000787 seconds.
Begin MonoManager ReloadAssembly
Native extension for WindowsStandalone target not found
Refreshing native plugins compatible for Editor in 0.24 ms, found 0 plugins.
Preloading 0 native plugins for Editor in 0.00 ms.
Invoked RoslynAnalysisRunner static constructor.
RoslynAnalysisRunner will not be running.
RoslynAnalysisRunner has terminated.
Mono: successfully reloaded assembly
- Completed reload, in  1.118 seconds
Platform modules already initialized, skipping
Refreshing native plugins compatible for Editor in 0.39 ms, found 0 plugins.
Preloading 0 native plugins for Editor in 0.00 ms.
Unloading 1118 Unused Serialized files (Serialized files now loaded: 0)
System memory in use before: 61.9 MB.
System memory in use after: 61.9 MB.

Unloading 5 unused Assets to reduce memory usage. Loaded Objects now: 1586.
Total: 1.957900 ms (FindLiveObjects: 0.191400 ms CreateObjectMapping: 0.055100 ms MarkObjects: 1.652000 ms  DeleteObjects: 0.057800 ms)

========================================================================
Received Import Request.
  Time since last request: 67.040330 seconds.
  path: Assets/laser.cs
  artifactKey: Guid(eb2fd5123b87d064cac6654e909e96e8) Importer(815301076,1909f56bfc062723c751e8b465ee728b)
Start importing Assets/laser.cs using Guid(eb2fd5123b87d064cac6654e909e96e8) Importer(815301076,1909f56bfc062723c751e8b465ee728b)  -> (artifact id: '320daa35950eeb6ba67bda37a1c92c0d') in 0.006909 seconds
  Import took 0.012290 seconds .

========================================================================
Received Import Request.
  Time since last request: 2.159075 seconds.
  path: Assets/laser.cs
  artifactKey: Guid(eb2fd5123b87d064cac6654e909e96e8) Importer(815301076,1909f56bfc062723c751e8b465ee728b)
Start importing Assets/laser.cs using Guid(eb2fd5123b87d064cac6654e909e96e8) Importer(815301076,1909f56bfc062723c751e8b465ee728b)  -> (artifact id: '320daa35950eeb6ba67bda37a1c92c0d') in 0.003656 seconds
  Import took 0.006594 seconds .

========================================================================
Received Prepare
Registering precompiled user dll's ...
Registered in 0.002319 seconds.
Begin MonoManager ReloadAssembly
Native extension for WindowsStandalone target not found
Refreshing native plugins compatible for Editor in 0.26 ms, found 0 plugins.
Preloading 0 native plugins for Editor in 0.00 ms.
Invoked RoslynAnalysisRunner static constructor.
RoslynAnalysisRunner will not be running.
RoslynAnalysisRunner has terminated.
Mono: successfully reloaded assembly
- Completed reload, in  1.100 seconds
Platform modules already initialized, skipping
Refreshing native plugins compatible for Editor in 0.33 ms, found 0 plugins.
Preloading 0 native plugins for Editor in 0.00 ms.
Unloading 1118 Unused Serialized files (Serialized files now loaded: 0)
System memory in use before: 61.9 MB.
System memory in use after: 61.9 MB.

Unloading 5 unused Assets to reduce memory usage. Loaded Objects now: 1588.
Total: 2.940900 ms (FindLiveObjects: 0.262600 ms CreateObjectMapping: 0.086700 ms MarkObjects: 2.527100 ms  DeleteObjects: 0.062000 ms)

========================================================================
Received Prepare
Registering precompiled user dll's ...
Registered in 0.001265 seconds.
Begin MonoManager ReloadAssembly
Native extension for WindowsStandalone target not found
Refreshing native plugins compatible for Editor in 0.27 ms, found 0 plugins.
Preloading 0 native plugins for Editor in 0.00 ms.
Invoked RoslynAnalysisRunner static constructor.
RoslynAnalysisRunner will not be running.
RoslynAnalysisRunner has terminated.
Mono: successfully reloaded assembly
- Completed reload, in  1.289 seconds
Platform modules already initialized, skipping
Refreshing native plugins compatible for Editor in 0.35 ms, found 0 plugins.
Preloading 0 native plugins for Editor in 0.00 ms.
Unloading 1118 Unused Serialized files (Serialized files now loaded: 0)
System memory in use before: 61.6 MB.
System memory in use after: 61.7 MB.

Unloading 5 unused Assets to reduce memory usage. Loaded Objects now: 1590.
Total: 1.690900 ms (FindLiveObjects: 0.143000 ms CreateObjectMapping: 0.044300 ms MarkObjects: 1.443800 ms  DeleteObjects: 0.058800 ms)

========================================================================
Received Prepare
Registering precompiled user dll's ...
Registered in 0.000874 seconds.
Begin MonoManager ReloadAssembly
Native extension for WindowsStandalone target not found
Refreshing native plugins compatible for Editor in 0.32 ms, found 0 plugins.
Preloading 0 native plugins for Editor in 0.00 ms.
Invoked RoslynAnalysisRunner static constructor.
RoslynAnalysisRunner will not be running.
RoslynAnalysisRunner has terminated.
Mono: successfully reloaded assembly
- Completed reload, in  1.097 seconds
Platform modules already initialized, skipping
Refreshing native plugins compatible for Editor in 0.24 ms, found 0 plugins.
Preloading 0 native plugins for Editor in 0.00 ms.
Unloading 1118 Unused Serialized files (Serialized files now loaded: 0)
System memory in use before: 61.9 MB.
System memory in use after: 61.9 MB.

Unloading 5 unused Assets to reduce memory usage. Loaded Objects now: 1592.
Total: 2.649200 ms (FindLiveObjects: 0.242400 ms CreateObjectMapping: 0.073500 ms MarkObjects: 2.249100 ms  DeleteObjects: 0.081700 ms)

========================================================================
Received Import Request.
  Time since last request: 3546.300599 seconds.
  path: Assets/BreadcrumbAi/Examples/Demo/Prefabs/ParticlePrefabs/SpitExplode.prefab
  artifactKey: Guid(1bc9c8850ef77c945a413e8584722f25) Importer(815301076,1909f56bfc062723c751e8b465ee728b)
Start importing Assets/BreadcrumbAi/Examples/Demo/Prefabs/ParticlePrefabs/SpitExplode.prefab using Guid(1bc9c8850ef77c945a413e8584722f25) Importer(815301076,1909f56bfc062723c751e8b465ee728b)  -> (artifact id: '4db1585aea413565c7525fa9df65a095') in 0.049419 seconds
  Import took 0.052621 seconds .

========================================================================
Received Import Request.
  Time since last request: 0.061214 seconds.
  path: Assets/BreadcrumbAi/Examples/Demo/Prefabs/ParticlePrefabs/SpitExplode.prefab
  artifactKey: Guid(1bc9c8850ef77c945a413e8584722f25) Importer(815301076,1909f56bfc062723c751e8b465ee728b)
Start importing Assets/BreadcrumbAi/Examples/Demo/Prefabs/ParticlePrefabs/SpitExplode.prefab using Guid(1bc9c8850ef77c945a413e8584722f25) Importer(815301076,1909f56bfc062723c751e8b465ee728b)  -> (artifact id: 'f32da64a932b14a96fc25605f57e6893') in 0.007446 seconds
  Import took 0.011446 seconds .

========================================================================
Received Import Request.
  Time since last request: 0.994084 seconds.
  path: Assets/BreadcrumbAi/Examples/Demo/Prefabs/ParticlePrefabs/SpitExplode.prefab
  artifactKey: Guid(1bc9c8850ef77c945a413e8584722f25) Importer(815301076,1909f56bfc062723c751e8b465ee728b)
Start importing Assets/BreadcrumbAi/Examples/Demo/Prefabs/ParticlePrefabs/SpitExplode.prefab using Guid(1bc9c8850ef77c945a413e8584722f25) Importer(815301076,1909f56bfc062723c751e8b465ee728b)  -> (artifact id: '52bfc21b3eb6a4a05579e1bd94623668') in 0.006600 seconds
  Import took 0.010441 seconds .

========================================================================
Received Import Request.
  Time since last request: 3.169590 seconds.
  path: Assets/BreadcrumbAi/Examples/Demo/Prefabs/ParticlePrefabs/SpitExplode.prefab
  artifactKey: Guid(1bc9c8850ef77c945a413e8584722f25) Importer(815301076,1909f56bfc062723c751e8b465ee728b)
Start importing Assets/BreadcrumbAi/Examples/Demo/Prefabs/ParticlePrefabs/SpitExplode.prefab using Guid(1bc9c8850ef77c945a413e8584722f25) Importer(815301076,1909f56bfc062723c751e8b465ee728b)  -> (artifact id: '97b10fea65821bb3e454a50c08196017') in 0.007107 seconds
  Import took 0.010637 seconds .

========================================================================
Received Prepare
Registering precompiled user dll's ...
Registered in 0.001169 seconds.
Begin MonoManager ReloadAssembly
Native extension for WindowsStandalone target not found
Refreshing native plugins compatible for Editor in 0.36 ms, found 0 plugins.
Preloading 0 native plugins for Editor in 0.00 ms.
Invoked RoslynAnalysisRunner static constructor.
RoslynAnalysisRunner will not be running.
RoslynAnalysisRunner has terminated.
Mono: successfully reloaded assembly
- Completed reload, in  1.497 seconds
Platform modules already initialized, skipping
Refreshing native plugins compatible for Editor in 0.29 ms, found 0 plugins.
Preloading 0 native plugins for Editor in 0.00 ms.
Unloading 1118 Unused Serialized files (Serialized files now loaded: 0)
System memory in use before: 61.9 MB.
System memory in use after: 62.0 MB.

Unloading 5 unused Assets to reduce memory usage. Loaded Objects now: 1594.
Total: 2.957500 ms (FindLiveObjects: 0.209900 ms CreateObjectMapping: 0.072200 ms MarkObjects: 2.593100 ms  DeleteObjects: 0.080500 ms)

